2025-12-14 01:56:32 INFO  TalentoTech: Obtencion de driver
2025-12-14 01:56:32 INFO  TalentoTech: Se verifica que el redireccionamiento sea exitoso
2025-12-14 01:56:32 INFO  TalentoTech: Login completado exitosamente
2025-12-14 01:57:56 INFO  TalentoTech: Obtencion de driver
2025-12-14 01:57:56 INFO  TalentoTech: Se verifica que el redireccionamiento sea exitoso
2025-12-14 01:57:56 INFO  TalentoTech: Login completado exitosamente
2025-12-14 01:58:06 INFO  TalentoTech: Obtencion de driver
2025-12-14 01:58:06 INFO  TalentoTech: Se verifica que el redireccionamiento sea exitoso
2025-12-14 01:58:06 INFO  TalentoTech: Login completado exitosamente
2025-12-14 01:58:48 INFO  TalentoTech: Obtencion de driver
2025-12-14 01:58:48 INFO  TalentoTech: Se verifica que el redireccionamiento sea exitoso
2025-12-14 02:00:30 INFO  TalentoTech: Obtencion de driver
2025-12-14 02:00:30 INFO  TalentoTech: Se verifica que el redireccionamiento sea exitoso
2025-12-14 02:00:30 INFO  TalentoTech: Login completado exitosamente
2025-12-14 20:21:29 INFO  TalentoTech: Obtencion de driver
2025-12-14 20:22:28 INFO  TalentoTech: Obtencion de driver
2025-12-14 20:22:28 INFO  TalentoTech: Se verifica que el redireccionamiento sea exitoso
2025-12-14 20:22:28 INFO  TalentoTech: Login completado exitosamente
2025-12-14 20:23:30 INFO  TalentoTech: Obtencion de driver
2025-12-14 20:26:09 INFO  TalentoTech: Obtencion de driver
2025-12-14 20:26:09 INFO  TalentoTech: Se verifica que el redireccionamiento sea exitoso
2025-12-14 20:26:09 INFO  TalentoTech: Login completado exitosamente
2025-12-14 22:03:31 INFO  TalentoTech: Obtencion de driver
2025-12-14 22:14:19 INFO  TalentoTech: Obtencion de driver
2025-12-14 22:19:05 INFO  TalentoTech: Obtencion de driver
2025-12-14 22:19:05 INFO  TalentoTech: Se verifica que el redireccionamiento sea exitoso
2025-12-14 22:19:05 INFO  TalentoTech: Login completado exitosamente
2025-12-14 22:59:48 INFO  TalentoTech: Obtencion de driver
2025-12-14 22:59:48 INFO  TalentoTech: Se verifica que el redireccionamiento sea exitoso
2025-12-14 22:59:48 INFO  TalentoTech: Login completado exitosamente
2025-12-14 23:56:33 INFO  TalentoTech: Obtencion de driver
2025-12-14 23:56:33 INFO  TalentoTech: Se verifica que el redireccionamiento sea exitoso
2025-12-14 23:56:33 INFO  TalentoTech: Login completado exitosamente
2025-12-14 23:57:04 INFO  TalentoTech: Obtencion de driver
2025-12-14 23:57:04 INFO  TalentoTech: Se verifica que el redireccionamiento sea exitoso
2025-12-14 23:57:04 INFO  TalentoTech: Login completado exitosamente
2025-12-15 00:04:17 INFO  TalentoTech: Obtencion de driver
2025-12-15 00:04:17 INFO  TalentoTech: Se verifica que el redireccionamiento sea exitoso
2025-12-15 00:04:17 INFO  TalentoTech: Login completado exitosamente
2025-12-15 00:05:47 INFO  TalentoTech: Obtencion de driver
2025-12-15 00:05:47 INFO  TalentoTech: Se verifica que el redireccionamiento sea exitoso
2025-12-15 00:05:47 INFO  TalentoTech: Login completado exitosamente
2025-12-15 00:06:23 INFO  TalentoTech: Relizando la solitud GET a https://reqres.in/api/users 
2025-12-15 00:06:24 INFO  TalentoTech: Status code: 200
2025-12-15 00:06:24 INFO  TalentoTech: Validando el id dentro del usuario
